<?xml version="1.0" encoding="UTF-8"?>
<!-- Generated by org.testng.reporters.JUnitReportReporter -->
<testsuite hostname="LAPTOP-30HQP1J3" failures="0" tests="1" name="Inventory.PageValidation" time="10.782" errors="0" timestamp="23 Jan 2022 07:49:13 GMT" skipped="0">
  <testcase classname="Inventory.PageValidation" name="pagevalidation1" time="10.782"/>
</testsuite> <!-- Inventory.PageValidation -->
